Auto log 1 - Mon Jun 23 19:11:31 CST 2025
Auto log 2 - Mon Jun 23 19:11:31 CST 2025
Auto log 3 - Mon Jun 23 19:11:32 CST 2025
Auto log 4 - Mon Jun 23 19:11:32 CST 2025
Auto log 5 - Mon Jun 23 19:11:32 ST 2025
Auto log 1 - Mon Jun 23 19:13:00 CST 2025
Auto log 2 - Mon Jun 23 19:13:00 CST 2025
Auto log 3 - Mon Jun 23 19:13:00 CST 2025
Auto log 4 - Mon Jun 23 19:13:00 CST 2025
Auto log 5 - Mon Jun 23 19:13:00 CST 2025
AutAuto log 1753840148
Auto log 1753840148
Auto log 1753840148
Auto log 1753840212
Auto log 1753840212
Auto log 1753840212
Auto log 1753840212
Auto log 1753840212
Auto log 1753841090
Auto log 1753841090
Autolog 1753841090
Auto log 1753841090
Auto log 1753841090
Auto log 1753841318
Auto log 1753841318
Auto log 1753841318
Auto log 175381318
Auto log 1753841318
Auto log 1753853144
Auto log 1753853144
Auto log 1753853144
Auto log 1753853144
Auto log 1753853144
Auto log 1753928094
Auto log 1753928094
Auto log 1753928094
Auto log 1753928094
Auto log 1753928094
Auto log 1753928105
Auto log 1753928105
Auto log 1753928105
Auto log 1753928105
Auto log 1753928105
Auto log 1753928111
Auto log 1753928111
Auto log 1753928111
Auto log 1753928111
Auto log 1753928111
Auto log 1753928120
Auto log 1753928120
Auto log 1753928120
Auto log 1753928120
Auto log 1753928120
Auto log 1754010305
Auto log 1754010305
Auto log 1754010305
Auto log 1754010305
Auto log 1754010305
Auto log 1754010348
Auto log 1754010348
Auto log 1754010348
Auto log 1754010348
Auto log 1754010348
Auto log 1754012801
Auto log 1754012801
Auto log 1754012801
Auto log 1754012801
Auto log 1754012801
Auto log 1754013576
Auto log 1754013576
Auto log 1754013576
Auto log 1754013576
Auto log 1754013576
Auto log 1754032101
Auto log 1754032101
Auto log 1754032101
Auto log 1754032101
Auto log 1754032101
Auto log 1754036387
Auto log 1754036387
Auto log 1754036387
Auto log 1754036387
Auto log 1754036387
Auto log 1754036409
Auto log 1754036410
Auto log 1754036410
Auto log 1754036410
Auto log 1754036410
Auto log 1754036417
Auto log 1754036417
Auto log 1754036417
Auto log 1754036417
Auto log 1754036417
